<?xml version="1.0" encoding="UTF-8"?>
<coverage generated="1664365399023" clover="3.2.0">
  <project timestamp="1664365399023" name="All files">
    <metrics statements="13" coveredstatements="12" conditionals="0" coveredconditionals="0" methods="6" coveredmethods="5" elements="19" coveredelements="17" complexity="0" loc="13" ncloc="13" packages="2" files="4" classes="4"/>
    <package name="contactsApp">
      <metrics statements="2" coveredstatements="2" conditionals="0" coveredconditionals="0" methods="0" coveredmethods="0"/>
      <file name="customers.js" path="C:\Users\uffe8\Documents\GitHub\React-native-contacts\contactsApp\customers.js">
        <metrics statements="2" coveredstatements="2" conditionals="0" coveredconditionals="0" methods="0" coveredmethods="0"/>
        <line num="1" count="3" type="stmt"/>
        <line num="525" count="3" type="stmt"/>
      </file>
    </package>
    <package name="contactsApp.components">
      <metrics statements="11" coveredstatements="10" conditionals="0" coveredconditionals="0" methods="6" coveredmethods="5"/>
      <file name="CustomerList.js" path="C:\Users\uffe8\Documents\GitHub\React-native-contacts\contactsApp\components\CustomerList.js">
        <metrics statements="6" coveredstatements="5" conditionals="0" coveredconditionals="0" methods="4" coveredmethods="3"/>
        <line num="6" count="5" type="stmt"/>
        <line num="8" count="5" type="stmt"/>
        <line num="11" count="60" type="stmt"/>
        <line num="15" count="50" type="stmt"/>
        <line num="16" count="0" type="stmt"/>
        <line num="27" count="3" type="stmt"/>
      </file>
      <file name="DetailsScreen.js" path="C:\Users\uffe8\Documents\GitHub\React-native-contacts\contactsApp\components\DetailsScreen.js">
        <metrics statements="4" coveredstatements="4" conditionals="0" coveredconditionals="0" methods="1" coveredmethods="1"/>
        <line num="5" count="1" type="stmt"/>
        <line num="6" count="1" type="stmt"/>
        <line num="8" count="1" type="stmt"/>
        <line num="46" count="1" type="stmt"/>
      </file>
      <file name="HomeScreen.js" path="C:\Users\uffe8\Documents\GitHub\React-native-contacts\contactsApp\components\HomeScreen.js">
        <metrics statements="1" coveredstatements="1" conditionals="0" coveredconditionals="0" methods="1" coveredmethods="1"/>
        <line num="5" count="1" type="stmt"/>
      </file>
    </package>
  </project>
</coverage>
