{"C:\\Users\\uffe8\\Documents\\GitHub\\React-native-contacts\\contactsApp\\customers.js": {"path":"C:\\Users\\uffe8\\Documents\\GitHub\\React-native-contacts\\contactsApp\\customers.js","statementMap":{"0":{"start":{"line":1,"column":18},"end":{"line":523,"column":1}},"1":{"start":{"line":525,"column":0},"end":{"line":527,"column":2}}},"fnMap":{},"branchMap":{},"s":{"0":3,"1":3},"f":{},"b":{},"_coverageSchema":"1a1c01bbd47fc00a2c39e90264f33305004495a9","hash":"6309fc5f8bcfd603766dd3b5aacbac4ab50af7e5"}
,"C:\\Users\\uffe8\\Documents\\GitHub\\React-native-contacts\\contactsApp\\components\\CustomerList.js": {"path":"C:\\Users\\uffe8\\Documents\\GitHub\\React-native-contacts\\contactsApp\\components\\CustomerList.js","statementMap":{"0":{"start":{"line":6,"column":26},"end":{"line":6,"column":45}},"1":{"start":{"line":8,"column":2},"end":{"line":24,"column":4}},"2":{"start":{"line":11,"column":39},"end":{"line":11,"column":55}},"3":{"start":{"line":15,"column":10},"end":{"line":20,"column":17}},"4":{"start":{"line":16,"column":27},"end":{"line":16,"column":63}},"5":{"start":{"line":27,"column":15},"end":{"line":50,"column":2}}},"fnMap":{"0":{"name":"(anonymous_0)","decl":{"start":{"line":5,"column":30},"end":{"line":5,"column":31}},"loc":{"start":{"line":5,"column":48},"end":{"line":25,"column":1}},"line":5},"1":{"name":"(anonymous_1)","decl":{"start":{"line":11,"column":22},"end":{"line":11,"column":23}},"loc":{"start":{"line":11,"column":39},"end":{"line":11,"column":55}},"line":11},"2":{"name":"(anonymous_2)","decl":{"start":{"line":14,"column":20},"end":{"line":14,"column":21}},"loc":{"start":{"line":15,"column":10},"end":{"line":20,"column":17}},"line":15},"3":{"name":"(anonymous_3)","decl":{"start":{"line":16,"column":21},"end":{"line":16,"column":22}},"loc":{"start":{"line":16,"column":27},"end":{"line":16,"column":63}},"line":16}},"branchMap":{},"s":{"0":5,"1":5,"2":60,"3":50,"4":0,"5":3},"f":{"0":5,"1":60,"2":50,"3":0},"b":{},"_coverageSchema":"1a1c01bbd47fc00a2c39e90264f33305004495a9","hash":"a7f8ce47314c44fb96a5b48717ab4948aa972bad"}
,"C:\\Users\\uffe8\\Documents\\GitHub\\React-native-contacts\\contactsApp\\components\\DetailsScreen.js": {"path":"C:\\Users\\uffe8\\Documents\\GitHub\\React-native-contacts\\contactsApp\\components\\DetailsScreen.js","statementMap":{"0":{"start":{"line":5,"column":54},"end":{"line":5,"column":66}},"1":{"start":{"line":6,"column":34},"end":{"line":6,"column":46}},"2":{"start":{"line":8,"column":4},"end":{"line":43,"column":6}},"3":{"start":{"line":46,"column":17},"end":{"line":66,"column":4}}},"fnMap":{"0":{"name":"DetailsScreen","decl":{"start":{"line":4,"column":24},"end":{"line":4,"column":37}},"loc":{"start":{"line":4,"column":61},"end":{"line":44,"column":3}},"line":4}},"branchMap":{},"s":{"0":1,"1":1,"2":1,"3":1},"f":{"0":1},"b":{},"_coverageSchema":"1a1c01bbd47fc00a2c39e90264f33305004495a9","hash":"37874b1f17e1abd44b8305704a3d024be34a9862"}
,"C:\\Users\\uffe8\\Documents\\GitHub\\React-native-contacts\\contactsApp\\components\\HomeScreen.js": {"path":"C:\\Users\\uffe8\\Documents\\GitHub\\React-native-contacts\\contactsApp\\components\\HomeScreen.js","statementMap":{"0":{"start":{"line":5,"column":4},"end":{"line":11,"column":6}}},"fnMap":{"0":{"name":"HomeScreen","decl":{"start":{"line":4,"column":24},"end":{"line":4,"column":34}},"loc":{"start":{"line":4,"column":51},"end":{"line":12,"column":3}},"line":4}},"branchMap":{},"s":{"0":1},"f":{"0":1},"b":{},"_coverageSchema":"1a1c01bbd47fc00a2c39e90264f33305004495a9","hash":"a6272187aeca7e1a8bb0fde2d67d686701e17679"}
}
