TN:
SF:customers.js
FNF:0
FNH:0
DA:1,3
DA:525,3
LF:2
LH:2
BRF:0
BRH:0
end_of_record
TN:
SF:components\CustomerList.js
FN:5,(anonymous_0)
FN:11,(anonymous_1)
FN:14,(anonymous_2)
FN:16,(anonymous_3)
FNF:4
FNH:3
FNDA:5,(anonymous_0)
FNDA:60,(anonymous_1)
FNDA:50,(anonymous_2)
FNDA:0,(anonymous_3)
DA:6,5
DA:8,5
DA:11,60
DA:15,50
DA:16,0
DA:27,3
LF:6
LH:5
BRF:0
BRH:0
end_of_record
TN:
SF:components\DetailsScreen.js
FN:4,DetailsScreen
FNF:1
FNH:1
FNDA:1,DetailsScreen
DA:5,1
DA:6,1
DA:8,1
DA:46,1
LF:4
LH:4
BRF:0
BRH:0
end_of_record
TN:
SF:components\HomeScreen.js
FN:4,HomeScreen
FNF:1
FNH:1
FNDA:1,HomeScreen
DA:5,1
LF:1
LH:1
BRF:0
BRH:0
end_of_record
